<?xml version="1.0" encoding="UTF-8"?>
<robot generator="Robot 3.2.2 (Python 3.9.2 on win32)" generated="20210318 12:25:54.383" rpa="false">
<suite id="s1" name="Login" source="C:\xampp\htdocs\testeRobotFramework\tests\login.robot">
<test id="s1-t1" name="Login com sucesso">
<kw name="Open Login Page" library="auth">
<kw name="New Browser" library="Browser">
<tags>
<tag>BrowserControl</tag>
<tag>Setter</tag>
</tags>
<doc>Create a new playwright Browser with specified options.
See `Browser, Context and Page` for more information about Browser and related concepts.</doc>
<arguments>
<arg>${browser}</arg>
<arg>${headless}</arg>
</arguments>
<msg timestamp="20210318 12:25:55.680" level="INFO">{"browser": "chromium", "headless": false, "handleSIGINT": true, "handleSIGTERM": true, "handleSIGHUP": true, "timeout": 30000.0, "devtools": false, "slowMo": 0.0}</msg>
<msg timestamp="20210318 12:25:56.292" level="INFO">Successfully created browser with options: {"browser":"chromium","headless":false,"handleSIGINT":true,"handleSIGTERM":true,"handleSIGHUP":true,"timeout":30000,"devtools":false,"slowMo":0}</msg>
<status status="PASS" starttime="20210318 12:25:55.680" endtime="20210318 12:25:56.293"></status>
</kw>
<kw name="New Page" library="Browser">
<tags>
<tag>BrowserControl</tag>
<tag>Setter</tag>
</tags>
<doc>Open a new Page. A Page is the Playwright equivalent to a tab.
See `Browser, Context and Page` for more information about Page concept.
Returns a stable identifier for the created page.</doc>
<arguments>
<arg>http://automationpractice.com/index.php?controller=authentication&amp;back=my-account</arg>
</arguments>
<msg timestamp="20210318 12:26:01.406" level="INFO">Successfully initialized new page object and opened url: http://automationpractice.com/index.php?controller=authentication&amp;back=my-account</msg>
<status status="PASS" starttime="20210318 12:25:56.294" endtime="20210318 12:26:01.406"></status>
</kw>
<status status="PASS" starttime="20210318 12:25:55.680" endtime="20210318 12:26:01.406"></status>
</kw>
<kw name="Login With" library="auth">
<arguments>
<arg>teste1@gmail.com</arg>
<arg>12345</arg>
</arguments>
<kw name="Fill Text" library="Browser">
<tags>
<tag>PageContent</tag>
<tag>Setter</tag>
</tags>
<doc>Clears and fills the given ``text`` into the text field found by ``selector``.</doc>
<arguments>
<arg>id=email</arg>
<arg>${email_arg}</arg>
</arguments>
<msg timestamp="20210318 12:26:01.409" level="INFO">Fills the text 'teste1@gmail.com' in the given field.</msg>
<status status="PASS" starttime="20210318 12:26:01.407" endtime="20210318 12:26:01.469"></status>
</kw>
<kw name="Fill Text" library="Browser">
<tags>
<tag>PageContent</tag>
<tag>Setter</tag>
</tags>
<doc>Clears and fills the given ``text`` into the text field found by ``selector``.</doc>
<arguments>
<arg>id=passwd</arg>
<arg>${pass_arg}</arg>
</arguments>
<msg timestamp="20210318 12:26:01.470" level="INFO">Fills the text '12345' in the given field.</msg>
<status status="PASS" starttime="20210318 12:26:01.470" endtime="20210318 12:26:01.511"></status>
</kw>
<kw name="Click" library="Browser">
<tags>
<tag>PageContent</tag>
<tag>Setter</tag>
</tags>
<doc>Simulates mouse click on the element found by ``selector``.</doc>
<arguments>
<arg>id=SubmitLogin</arg>
</arguments>
<status status="PASS" starttime="20210318 12:26:01.511" endtime="20210318 12:26:02.738"></status>
</kw>
<status status="PASS" starttime="20210318 12:26:01.407" endtime="20210318 12:26:02.739"></status>
</kw>
<kw name="Logout Link" library="auth">
<kw name="Wait For Elements State" library="Browser">
<tags>
<tag>PageContent</tag>
<tag>Wait</tag>
</tags>
<doc>Waits for the element found by ``selector`` to satisfy state option.</doc>
<arguments>
<arg>css=a[href$=mylogout]</arg>
<arg>visible</arg>
<arg>10</arg>
</arguments>
<msg timestamp="20210318 12:26:03.026" level="INFO">Wait for Element with selector: css=a[href$=mylogout]</msg>
<status status="PASS" starttime="20210318 12:26:02.740" endtime="20210318 12:26:03.026"></status>
</kw>
<status status="PASS" starttime="20210318 12:26:02.740" endtime="20210318 12:26:03.026"></status>
</kw>
<kw name="Take Screenshot" library="Browser" type="teardown">
<tags>
<tag>PageContent</tag>
</tags>
<doc>Takes a screenshot of the current window and saves it to ``path``. Saves it as a png.</doc>
<msg timestamp="20210318 12:26:03.407" level="INFO" html="yes">&lt;/td&gt;&lt;/tr&gt;&lt;tr&gt;&lt;td colspan="3"&gt;&lt;a href="browser/screenshot/robotframework-browser-screenshot-1.png"&gt;&lt;img src="browser/screenshot/robotframework-browser-screenshot-1.png" width="800px"&gt;&lt;/a&gt;</msg>
<status status="PASS" starttime="20210318 12:26:03.027" endtime="20210318 12:26:03.407"></status>
</kw>
<status status="PASS" starttime="20210318 12:25:55.676" endtime="20210318 12:26:03.408" critical="yes"></status>
</test>
<test id="s1-t2" name="Senha incorreta">
<kw name="Open Login Page" library="auth">
<kw name="New Browser" library="Browser">
<tags>
<tag>BrowserControl</tag>
<tag>Setter</tag>
</tags>
<doc>Create a new playwright Browser with specified options.
See `Browser, Context and Page` for more information about Browser and related concepts.</doc>
<arguments>
<arg>${browser}</arg>
<arg>${headless}</arg>
</arguments>
<msg timestamp="20210318 12:26:03.509" level="INFO">{"browser": "chromium", "headless": false, "handleSIGINT": true, "handleSIGTERM": true, "handleSIGHUP": true, "timeout": 30000.0, "devtools": false, "slowMo": 0.0}</msg>
<msg timestamp="20210318 12:26:04.130" level="INFO">Successfully created browser with options: {"browser":"chromium","headless":false,"handleSIGINT":true,"handleSIGTERM":true,"handleSIGHUP":true,"timeout":30000,"devtools":false,"slowMo":0}</msg>
<status status="PASS" starttime="20210318 12:26:03.508" endtime="20210318 12:26:04.131"></status>
</kw>
<kw name="New Page" library="Browser">
<tags>
<tag>BrowserControl</tag>
<tag>Setter</tag>
</tags>
<doc>Open a new Page. A Page is the Playwright equivalent to a tab.
See `Browser, Context and Page` for more information about Page concept.
Returns a stable identifier for the created page.</doc>
<arguments>
<arg>http://automationpractice.com/index.php?controller=authentication&amp;back=my-account</arg>
</arguments>
<msg timestamp="20210318 12:26:10.198" level="INFO">Successfully initialized new page object and opened url: http://automationpractice.com/index.php?controller=authentication&amp;back=my-account</msg>
<status status="PASS" starttime="20210318 12:26:04.132" endtime="20210318 12:26:10.199"></status>
</kw>
<status status="PASS" starttime="20210318 12:26:03.508" endtime="20210318 12:26:10.199"></status>
</kw>
<kw name="Login With" library="auth">
<arguments>
<arg>teste1@gmail.com</arg>
<arg>54321</arg>
</arguments>
<kw name="Fill Text" library="Browser">
<tags>
<tag>PageContent</tag>
<tag>Setter</tag>
</tags>
<doc>Clears and fills the given ``text`` into the text field found by ``selector``.</doc>
<arguments>
<arg>id=email</arg>
<arg>${email_arg}</arg>
</arguments>
<msg timestamp="20210318 12:26:10.201" level="INFO">Fills the text 'teste1@gmail.com' in the given field.</msg>
<status status="PASS" starttime="20210318 12:26:10.200" endtime="20210318 12:26:10.248"></status>
</kw>
<kw name="Fill Text" library="Browser">
<tags>
<tag>PageContent</tag>
<tag>Setter</tag>
</tags>
<doc>Clears and fills the given ``text`` into the text field found by ``selector``.</doc>
<arguments>
<arg>id=passwd</arg>
<arg>${pass_arg}</arg>
</arguments>
<msg timestamp="20210318 12:26:10.248" level="INFO">Fills the text '54321' in the given field.</msg>
<status status="PASS" starttime="20210318 12:26:10.248" endtime="20210318 12:26:10.282"></status>
</kw>
<kw name="Click" library="Browser">
<tags>
<tag>PageContent</tag>
<tag>Setter</tag>
</tags>
<doc>Simulates mouse click on the element found by ``selector``.</doc>
<arguments>
<arg>id=SubmitLogin</arg>
</arguments>
<status status="PASS" starttime="20210318 12:26:10.282" endtime="20210318 12:26:10.986"></status>
</kw>
<status status="PASS" starttime="20210318 12:26:10.200" endtime="20210318 12:26:10.986"></status>
</kw>
<kw name="Alert Should Be" library="auth">
<arguments>
<arg>Authentication failed.</arg>
</arguments>
<kw name="Get Text" library="Browser">
<tags>
<tag>Assertion</tag>
<tag>Getter</tag>
<tag>PageContent</tag>
</tags>
<doc>Returns text attribute of the element found by ``selector``.
See the `Finding elements` section for details about the selectors.</doc>
<arguments>
<arg>css=.alert.alert-danger</arg>
<arg>contains</arg>
<arg>${expect_arg}</arg>
</arguments>
<status status="PASS" starttime="20210318 12:26:10.988" endtime="20210318 12:26:11.183"></status>
</kw>
<status status="PASS" starttime="20210318 12:26:10.988" endtime="20210318 12:26:11.183"></status>
</kw>
<kw name="Take Screenshot" library="Browser" type="teardown">
<tags>
<tag>PageContent</tag>
</tags>
<doc>Takes a screenshot of the current window and saves it to ``path``. Saves it as a png.</doc>
<msg timestamp="20210318 12:26:11.474" level="INFO" html="yes">&lt;/td&gt;&lt;/tr&gt;&lt;tr&gt;&lt;td colspan="3"&gt;&lt;a href="browser/screenshot/robotframework-browser-screenshot-2.png"&gt;&lt;img src="browser/screenshot/robotframework-browser-screenshot-2.png" width="800px"&gt;&lt;/a&gt;</msg>
<status status="PASS" starttime="20210318 12:26:11.184" endtime="20210318 12:26:11.474"></status>
</kw>
<status status="PASS" starttime="20210318 12:26:03.495" endtime="20210318 12:26:11.475" critical="yes"></status>
</test>
<test id="s1-t3" name="Login incorreto">
<kw name="Open Login Page" library="auth">
<kw name="New Browser" library="Browser">
<tags>
<tag>BrowserControl</tag>
<tag>Setter</tag>
</tags>
<doc>Create a new playwright Browser with specified options.
See `Browser, Context and Page` for more information about Browser and related concepts.</doc>
<arguments>
<arg>${browser}</arg>
<arg>${headless}</arg>
</arguments>
<msg timestamp="20210318 12:26:11.580" level="INFO">{"browser": "chromium", "headless": false, "handleSIGINT": true, "handleSIGTERM": true, "handleSIGHUP": true, "timeout": 30000.0, "devtools": false, "slowMo": 0.0}</msg>
<msg timestamp="20210318 12:26:12.228" level="INFO">Successfully created browser with options: {"browser":"chromium","headless":false,"handleSIGINT":true,"handleSIGTERM":true,"handleSIGHUP":true,"timeout":30000,"devtools":false,"slowMo":0}</msg>
<status status="PASS" starttime="20210318 12:26:11.579" endtime="20210318 12:26:12.229"></status>
</kw>
<kw name="New Page" library="Browser">
<tags>
<tag>BrowserControl</tag>
<tag>Setter</tag>
</tags>
<doc>Open a new Page. A Page is the Playwright equivalent to a tab.
See `Browser, Context and Page` for more information about Page concept.
Returns a stable identifier for the created page.</doc>
<arguments>
<arg>http://automationpractice.com/index.php?controller=authentication&amp;back=my-account</arg>
</arguments>
<msg timestamp="20210318 12:26:21.170" level="INFO">Successfully initialized new page object and opened url: http://automationpractice.com/index.php?controller=authentication&amp;back=my-account</msg>
<status status="PASS" starttime="20210318 12:26:12.229" endtime="20210318 12:26:21.170"></status>
</kw>
<status status="PASS" starttime="20210318 12:26:11.578" endtime="20210318 12:26:21.170"></status>
</kw>
<kw name="Login With" library="auth">
<arguments>
<arg>teste@gmail.com</arg>
<arg>12345</arg>
</arguments>
<kw name="Fill Text" library="Browser">
<tags>
<tag>PageContent</tag>
<tag>Setter</tag>
</tags>
<doc>Clears and fills the given ``text`` into the text field found by ``selector``.</doc>
<arguments>
<arg>id=email</arg>
<arg>${email_arg}</arg>
</arguments>
<msg timestamp="20210318 12:26:21.172" level="INFO">Fills the text 'teste@gmail.com' in the given field.</msg>
<status status="PASS" starttime="20210318 12:26:21.171" endtime="20210318 12:26:21.227"></status>
</kw>
<kw name="Fill Text" library="Browser">
<tags>
<tag>PageContent</tag>
<tag>Setter</tag>
</tags>
<doc>Clears and fills the given ``text`` into the text field found by ``selector``.</doc>
<arguments>
<arg>id=passwd</arg>
<arg>${pass_arg}</arg>
</arguments>
<msg timestamp="20210318 12:26:21.228" level="INFO">Fills the text '12345' in the given field.</msg>
<status status="PASS" starttime="20210318 12:26:21.227" endtime="20210318 12:26:21.267"></status>
</kw>
<kw name="Click" library="Browser">
<tags>
<tag>PageContent</tag>
<tag>Setter</tag>
</tags>
<doc>Simulates mouse click on the element found by ``selector``.</doc>
<arguments>
<arg>id=SubmitLogin</arg>
</arguments>
<status status="PASS" starttime="20210318 12:26:21.267" endtime="20210318 12:26:26.763"></status>
</kw>
<status status="PASS" starttime="20210318 12:26:21.171" endtime="20210318 12:26:26.764"></status>
</kw>
<kw name="Alert Should Be" library="auth">
<arguments>
<arg>Authentication failed.</arg>
</arguments>
<kw name="Get Text" library="Browser">
<tags>
<tag>Assertion</tag>
<tag>Getter</tag>
<tag>PageContent</tag>
</tags>
<doc>Returns text attribute of the element found by ``selector``.
See the `Finding elements` section for details about the selectors.</doc>
<arguments>
<arg>css=.alert.alert-danger</arg>
<arg>contains</arg>
<arg>${expect_arg}</arg>
</arguments>
<status status="PASS" starttime="20210318 12:26:26.766" endtime="20210318 12:26:26.941"></status>
</kw>
<status status="PASS" starttime="20210318 12:26:26.765" endtime="20210318 12:26:26.941"></status>
</kw>
<kw name="Take Screenshot" library="Browser" type="teardown">
<tags>
<tag>PageContent</tag>
</tags>
<doc>Takes a screenshot of the current window and saves it to ``path``. Saves it as a png.</doc>
<msg timestamp="20210318 12:26:27.250" level="INFO" html="yes">&lt;/td&gt;&lt;/tr&gt;&lt;tr&gt;&lt;td colspan="3"&gt;&lt;a href="browser/screenshot/robotframework-browser-screenshot-3.png"&gt;&lt;img src="browser/screenshot/robotframework-browser-screenshot-3.png" width="800px"&gt;&lt;/a&gt;</msg>
<status status="PASS" starttime="20210318 12:26:26.941" endtime="20210318 12:26:27.251"></status>
</kw>
<status status="PASS" starttime="20210318 12:26:11.567" endtime="20210318 12:26:27.252" critical="yes"></status>
</test>
<test id="s1-t4" name="Login em branco">
<kw name="Open Login Page" library="auth">
<kw name="New Browser" library="Browser">
<tags>
<tag>BrowserControl</tag>
<tag>Setter</tag>
</tags>
<doc>Create a new playwright Browser with specified options.
See `Browser, Context and Page` for more information about Browser and related concepts.</doc>
<arguments>
<arg>${browser}</arg>
<arg>${headless}</arg>
</arguments>
<msg timestamp="20210318 12:26:27.343" level="INFO">{"browser": "chromium", "headless": false, "handleSIGINT": true, "handleSIGTERM": true, "handleSIGHUP": true, "timeout": 30000.0, "devtools": false, "slowMo": 0.0}</msg>
<msg timestamp="20210318 12:26:29.265" level="INFO">Successfully created browser with options: {"browser":"chromium","headless":false,"handleSIGINT":true,"handleSIGTERM":true,"handleSIGHUP":true,"timeout":30000,"devtools":false,"slowMo":0}</msg>
<status status="PASS" starttime="20210318 12:26:27.340" endtime="20210318 12:26:29.267"></status>
</kw>
<kw name="New Page" library="Browser">
<tags>
<tag>BrowserControl</tag>
<tag>Setter</tag>
</tags>
<doc>Open a new Page. A Page is the Playwright equivalent to a tab.
See `Browser, Context and Page` for more information about Page concept.
Returns a stable identifier for the created page.</doc>
<arguments>
<arg>http://automationpractice.com/index.php?controller=authentication&amp;back=my-account</arg>
</arguments>
<msg timestamp="20210318 12:26:37.816" level="INFO">Successfully initialized new page object and opened url: http://automationpractice.com/index.php?controller=authentication&amp;back=my-account</msg>
<status status="PASS" starttime="20210318 12:26:29.268" endtime="20210318 12:26:37.816"></status>
</kw>
<status status="PASS" starttime="20210318 12:26:27.337" endtime="20210318 12:26:37.816"></status>
</kw>
<kw name="Login With" library="auth">
<arguments>
<arg>${EMPTY}</arg>
<arg>12345</arg>
</arguments>
<kw name="Fill Text" library="Browser">
<tags>
<tag>PageContent</tag>
<tag>Setter</tag>
</tags>
<doc>Clears and fills the given ``text`` into the text field found by ``selector``.</doc>
<arguments>
<arg>id=email</arg>
<arg>${email_arg}</arg>
</arguments>
<msg timestamp="20210318 12:26:37.818" level="INFO">Fills the text '' in the given field.</msg>
<status status="PASS" starttime="20210318 12:26:37.817" endtime="20210318 12:26:37.859"></status>
</kw>
<kw name="Fill Text" library="Browser">
<tags>
<tag>PageContent</tag>
<tag>Setter</tag>
</tags>
<doc>Clears and fills the given ``text`` into the text field found by ``selector``.</doc>
<arguments>
<arg>id=passwd</arg>
<arg>${pass_arg}</arg>
</arguments>
<msg timestamp="20210318 12:26:37.859" level="INFO">Fills the text '12345' in the given field.</msg>
<status status="PASS" starttime="20210318 12:26:37.859" endtime="20210318 12:26:37.888"></status>
</kw>
<kw name="Click" library="Browser">
<tags>
<tag>PageContent</tag>
<tag>Setter</tag>
</tags>
<doc>Simulates mouse click on the element found by ``selector``.</doc>
<arguments>
<arg>id=SubmitLogin</arg>
</arguments>
<status status="PASS" starttime="20210318 12:26:37.888" endtime="20210318 12:26:39.653"></status>
</kw>
<status status="PASS" starttime="20210318 12:26:37.817" endtime="20210318 12:26:39.653"></status>
</kw>
<kw name="Alert Should Be" library="auth">
<arguments>
<arg>An email address required.</arg>
</arguments>
<kw name="Get Text" library="Browser">
<tags>
<tag>Assertion</tag>
<tag>Getter</tag>
<tag>PageContent</tag>
</tags>
<doc>Returns text attribute of the element found by ``selector``.
See the `Finding elements` section for details about the selectors.</doc>
<arguments>
<arg>css=.alert.alert-danger</arg>
<arg>contains</arg>
<arg>${expect_arg}</arg>
</arguments>
<status status="PASS" starttime="20210318 12:26:39.654" endtime="20210318 12:26:39.845"></status>
</kw>
<status status="PASS" starttime="20210318 12:26:39.653" endtime="20210318 12:26:39.846"></status>
</kw>
<kw name="Take Screenshot" library="Browser" type="teardown">
<tags>
<tag>PageContent</tag>
</tags>
<doc>Takes a screenshot of the current window and saves it to ``path``. Saves it as a png.</doc>
<msg timestamp="20210318 12:26:40.161" level="INFO" html="yes">&lt;/td&gt;&lt;/tr&gt;&lt;tr&gt;&lt;td colspan="3"&gt;&lt;a href="browser/screenshot/robotframework-browser-screenshot-4.png"&gt;&lt;img src="browser/screenshot/robotframework-browser-screenshot-4.png" width="800px"&gt;&lt;/a&gt;</msg>
<status status="PASS" starttime="20210318 12:26:39.846" endtime="20210318 12:26:40.161"></status>
</kw>
<status status="PASS" starttime="20210318 12:26:27.325" endtime="20210318 12:26:40.161" critical="yes"></status>
</test>
<test id="s1-t5" name="Senha em branco">
<kw name="Open Login Page" library="auth">
<kw name="New Browser" library="Browser">
<tags>
<tag>BrowserControl</tag>
<tag>Setter</tag>
</tags>
<doc>Create a new playwright Browser with specified options.
See `Browser, Context and Page` for more information about Browser and related concepts.</doc>
<arguments>
<arg>${browser}</arg>
<arg>${headless}</arg>
</arguments>
<msg timestamp="20210318 12:26:40.246" level="INFO">{"browser": "chromium", "headless": false, "handleSIGINT": true, "handleSIGTERM": true, "handleSIGHUP": true, "timeout": 30000.0, "devtools": false, "slowMo": 0.0}</msg>
<msg timestamp="20210318 12:26:40.956" level="INFO">Successfully created browser with options: {"browser":"chromium","headless":false,"handleSIGINT":true,"handleSIGTERM":true,"handleSIGHUP":true,"timeout":30000,"devtools":false,"slowMo":0}</msg>
<status status="PASS" starttime="20210318 12:26:40.245" endtime="20210318 12:26:40.957"></status>
</kw>
<kw name="New Page" library="Browser">
<tags>
<tag>BrowserControl</tag>
<tag>Setter</tag>
</tags>
<doc>Open a new Page. A Page is the Playwright equivalent to a tab.
See `Browser, Context and Page` for more information about Page concept.
Returns a stable identifier for the created page.</doc>
<arguments>
<arg>http://automationpractice.com/index.php?controller=authentication&amp;back=my-account</arg>
</arguments>
<msg timestamp="20210318 12:26:47.347" level="INFO">Successfully initialized new page object and opened url: http://automationpractice.com/index.php?controller=authentication&amp;back=my-account</msg>
<status status="PASS" starttime="20210318 12:26:40.958" endtime="20210318 12:26:47.347"></status>
</kw>
<status status="PASS" starttime="20210318 12:26:40.245" endtime="20210318 12:26:47.347"></status>
</kw>
<kw name="Login With" library="auth">
<arguments>
<arg>teste1@gmail.com</arg>
<arg>${EMPTY}</arg>
</arguments>
<kw name="Fill Text" library="Browser">
<tags>
<tag>PageContent</tag>
<tag>Setter</tag>
</tags>
<doc>Clears and fills the given ``text`` into the text field found by ``selector``.</doc>
<arguments>
<arg>id=email</arg>
<arg>${email_arg}</arg>
</arguments>
<msg timestamp="20210318 12:26:47.349" level="INFO">Fills the text 'teste1@gmail.com' in the given field.</msg>
<status status="PASS" starttime="20210318 12:26:47.349" endtime="20210318 12:26:47.398"></status>
</kw>
<kw name="Fill Text" library="Browser">
<tags>
<tag>PageContent</tag>
<tag>Setter</tag>
</tags>
<doc>Clears and fills the given ``text`` into the text field found by ``selector``.</doc>
<arguments>
<arg>id=passwd</arg>
<arg>${pass_arg}</arg>
</arguments>
<msg timestamp="20210318 12:26:47.398" level="INFO">Fills the text '' in the given field.</msg>
<status status="PASS" starttime="20210318 12:26:47.398" endtime="20210318 12:26:47.431"></status>
</kw>
<kw name="Click" library="Browser">
<tags>
<tag>PageContent</tag>
<tag>Setter</tag>
</tags>
<doc>Simulates mouse click on the element found by ``selector``.</doc>
<arguments>
<arg>id=SubmitLogin</arg>
</arguments>
<status status="PASS" starttime="20210318 12:26:47.431" endtime="20210318 12:26:48.139"></status>
</kw>
<status status="PASS" starttime="20210318 12:26:47.348" endtime="20210318 12:26:48.139"></status>
</kw>
<kw name="Alert Should Be" library="auth">
<arguments>
<arg>Password is required.</arg>
</arguments>
<kw name="Get Text" library="Browser">
<tags>
<tag>Assertion</tag>
<tag>Getter</tag>
<tag>PageContent</tag>
</tags>
<doc>Returns text attribute of the element found by ``selector``.
See the `Finding elements` section for details about the selectors.</doc>
<arguments>
<arg>css=.alert.alert-danger</arg>
<arg>contains</arg>
<arg>${expect_arg}</arg>
</arguments>
<status status="PASS" starttime="20210318 12:26:48.141" endtime="20210318 12:26:48.338"></status>
</kw>
<status status="PASS" starttime="20210318 12:26:48.140" endtime="20210318 12:26:48.338"></status>
</kw>
<kw name="Take Screenshot" library="Browser" type="teardown">
<tags>
<tag>PageContent</tag>
</tags>
<doc>Takes a screenshot of the current window and saves it to ``path``. Saves it as a png.</doc>
<msg timestamp="20210318 12:26:48.691" level="INFO" html="yes">&lt;/td&gt;&lt;/tr&gt;&lt;tr&gt;&lt;td colspan="3"&gt;&lt;a href="browser/screenshot/robotframework-browser-screenshot-5.png"&gt;&lt;img src="browser/screenshot/robotframework-browser-screenshot-5.png" width="800px"&gt;&lt;/a&gt;</msg>
<status status="PASS" starttime="20210318 12:26:48.339" endtime="20210318 12:26:48.691"></status>
</kw>
<status status="PASS" starttime="20210318 12:26:40.240" endtime="20210318 12:26:48.691" critical="yes"></status>
</test>
<test id="s1-t6" name="Mensagem errada Senha incorreta">
<kw name="Open Login Page" library="auth">
<kw name="New Browser" library="Browser">
<tags>
<tag>BrowserControl</tag>
<tag>Setter</tag>
</tags>
<doc>Create a new playwright Browser with specified options.
See `Browser, Context and Page` for more information about Browser and related concepts.</doc>
<arguments>
<arg>${browser}</arg>
<arg>${headless}</arg>
</arguments>
<msg timestamp="20210318 12:26:48.795" level="INFO">{"browser": "chromium", "headless": false, "handleSIGINT": true, "handleSIGTERM": true, "handleSIGHUP": true, "timeout": 30000.0, "devtools": false, "slowMo": 0.0}</msg>
<msg timestamp="20210318 12:26:49.464" level="INFO">Successfully created browser with options: {"browser":"chromium","headless":false,"handleSIGINT":true,"handleSIGTERM":true,"handleSIGHUP":true,"timeout":30000,"devtools":false,"slowMo":0}</msg>
<status status="PASS" starttime="20210318 12:26:48.795" endtime="20210318 12:26:49.465"></status>
</kw>
<kw name="New Page" library="Browser">
<tags>
<tag>BrowserControl</tag>
<tag>Setter</tag>
</tags>
<doc>Open a new Page. A Page is the Playwright equivalent to a tab.
See `Browser, Context and Page` for more information about Page concept.
Returns a stable identifier for the created page.</doc>
<arguments>
<arg>http://automationpractice.com/index.php?controller=authentication&amp;back=my-account</arg>
</arguments>
<msg timestamp="20210318 12:26:54.703" level="INFO">Successfully initialized new page object and opened url: http://automationpractice.com/index.php?controller=authentication&amp;back=my-account</msg>
<status status="PASS" starttime="20210318 12:26:49.466" endtime="20210318 12:26:54.703"></status>
</kw>
<status status="PASS" starttime="20210318 12:26:48.794" endtime="20210318 12:26:54.703"></status>
</kw>
<kw name="Login With" library="auth">
<arguments>
<arg>teste1@gmail.com</arg>
<arg>54321</arg>
</arguments>
<kw name="Fill Text" library="Browser">
<tags>
<tag>PageContent</tag>
<tag>Setter</tag>
</tags>
<doc>Clears and fills the given ``text`` into the text field found by ``selector``.</doc>
<arguments>
<arg>id=email</arg>
<arg>${email_arg}</arg>
</arguments>
<msg timestamp="20210318 12:26:54.704" level="INFO">Fills the text 'teste1@gmail.com' in the given field.</msg>
<status status="PASS" starttime="20210318 12:26:54.704" endtime="20210318 12:26:54.741"></status>
</kw>
<kw name="Fill Text" library="Browser">
<tags>
<tag>PageContent</tag>
<tag>Setter</tag>
</tags>
<doc>Clears and fills the given ``text`` into the text field found by ``selector``.</doc>
<arguments>
<arg>id=passwd</arg>
<arg>${pass_arg}</arg>
</arguments>
<msg timestamp="20210318 12:26:54.742" level="INFO">Fills the text '54321' in the given field.</msg>
<status status="PASS" starttime="20210318 12:26:54.741" endtime="20210318 12:26:54.776"></status>
</kw>
<kw name="Click" library="Browser">
<tags>
<tag>PageContent</tag>
<tag>Setter</tag>
</tags>
<doc>Simulates mouse click on the element found by ``selector``.</doc>
<arguments>
<arg>id=SubmitLogin</arg>
</arguments>
<status status="PASS" starttime="20210318 12:26:54.777" endtime="20210318 12:26:55.863"></status>
</kw>
<status status="PASS" starttime="20210318 12:26:54.703" endtime="20210318 12:26:55.864"></status>
</kw>
<kw name="Alert Should Be" library="auth">
<arguments>
<arg>Senha Incorreta.</arg>
</arguments>
<kw name="Get Text" library="Browser">
<tags>
<tag>Assertion</tag>
<tag>Getter</tag>
<tag>PageContent</tag>
</tags>
<doc>Returns text attribute of the element found by ``selector``.
See the `Finding elements` section for details about the selectors.</doc>
<arguments>
<arg>css=.alert.alert-danger</arg>
<arg>contains</arg>
<arg>${expect_arg}</arg>
</arguments>
<msg timestamp="20210318 12:26:57.356" level="INFO" html="yes">&lt;/td&gt;&lt;/tr&gt;&lt;tr&gt;&lt;td colspan="3"&gt;&lt;a href="Mensagem_errada_Senha_incorreta_FAILURE_SCREENSHOT_1.png"&gt;&lt;img src="Mensagem_errada_Senha_incorreta_FAILURE_SCREENSHOT_1.png" width="800px"&gt;&lt;/a&gt;</msg>
<msg timestamp="20210318 12:26:57.359" level="FAIL">Text 'There is 1 error

Authentication failed.' (str) should contain 'Senha Incorreta.' (str)</msg>
<status status="FAIL" starttime="20210318 12:26:55.866" endtime="20210318 12:26:57.359"></status>
</kw>
<status status="FAIL" starttime="20210318 12:26:55.865" endtime="20210318 12:26:57.359"></status>
</kw>
<kw name="Take Screenshot" library="Browser" type="teardown">
<tags>
<tag>PageContent</tag>
</tags>
<doc>Takes a screenshot of the current window and saves it to ``path``. Saves it as a png.</doc>
<msg timestamp="20210318 12:26:57.662" level="INFO" html="yes">&lt;/td&gt;&lt;/tr&gt;&lt;tr&gt;&lt;td colspan="3"&gt;&lt;a href="browser/screenshot/robotframework-browser-screenshot-6.png"&gt;&lt;img src="browser/screenshot/robotframework-browser-screenshot-6.png" width="800px"&gt;&lt;/a&gt;</msg>
<status status="PASS" starttime="20210318 12:26:57.360" endtime="20210318 12:26:57.662"></status>
</kw>
<status status="FAIL" starttime="20210318 12:26:48.782" endtime="20210318 12:26:57.663" critical="yes">Text 'There is 1 error

Authentication failed.' (str) should contain 'Senha Incorreta.' (str)</status>
</test>
<doc>Testes da página login</doc>
<status status="FAIL" starttime="20210318 12:25:54.388" endtime="20210318 12:26:57.919"></status>
</suite>
<statistics>
<total>
<stat pass="5" fail="1">Critical Tests</stat>
<stat pass="5" fail="1">All Tests</stat>
</total>
<tag>
</tag>
<suite>
<stat pass="5" fail="1" id="s1" name="Login">Login</stat>
</suite>
</statistics>
<errors>
</errors>
</robot>
